<?xml version="1.0" encoding="UTF-8"?>
<!-- Generated by org.testng.reporters.JUnitXMLReporter -->
<testsuite ignored="6" hostname="DESKTOP-1CU3V42" failures="0" tests="1" name="Default test" time="13.862" errors="0" timestamp="2023-12-12T15:02:34 EET">
  <testcase classname="almosaferWeb.myTestCases" name="ChangeTheLnguage" time="3.86"/>
  <testcase classname="almosaferWeb.myTestCases" name="HotelTabNotSelected" time="0.0">
    <ignored/>
  </testcase> <!-- HotelTabNotSelected -->
  <testcase classname="almosaferWeb.myTestCases" name="CheckTheCuurrency" time="0.0">
    <ignored/>
  </testcase> <!-- CheckTheCuurrency -->
  <testcase classname="almosaferWeb.myTestCases" name="CheckQitafLogo" time="0.0">
    <ignored/>
  </testcase> <!-- CheckQitafLogo -->
  <testcase classname="almosaferWeb.myTestCases" name="CheckContactNumber" time="0.0">
    <ignored/>
  </testcase> <!-- CheckContactNumber -->
  <testcase classname="almosaferWeb.myTestCases" name="CheckTheLanguage" time="0.0">
    <ignored/>
  </testcase> <!-- CheckTheLanguage -->
  <testcase classname="almosaferWeb.myTestCases" name="CheckTheDepartureAndArrivalDate" time="0.0">
    <ignored/>
  </testcase> <!-- CheckTheDepartureAndArrivalDate -->
</testsuite> <!-- Default test -->
