<?xml version="1.0" encoding="UTF-8"?>
<testng-results ignored="6" total="7" passed="1" failed="0" skipped="0">
  <reporter-output>
  </reporter-output>
  <suite started-at="2023-12-12T15:02:20 EET" name="Default suite" finished-at="2023-12-12T15:02:34 EET" duration-ms="13862">
    <groups>
    </groups>
    <test started-at="2023-12-12T15:02:20 EET" name="Default test" finished-at="2023-12-12T15:02:34 EET" duration-ms="13862">
      <class name="almosaferWeb.myTestCases">
        <test-method is-config="true" signature="SetUp()[pri:0, instance:almosaferWeb.myTestCases@38be305c]" started-at="2023-12-12T15:02:20 EET" name="SetUp" finished-at="2023-12-12T15:02:30 EET" duration-ms="9981" status="PASS">
          <reporter-output>
          </reporter-output>
        </test-method> <!-- SetUp -->
        <test-method signature="ChangeTheLnguage()[pri:0, instance:almosaferWeb.myTestCases@38be305c]" started-at="2023-12-12T15:02:30 EET" name="ChangeTheLnguage" finished-at="2023-12-12T15:02:34 EET" duration-ms="3860" status="PASS">
          <reporter-output>
          </reporter-output>
        </test-method> <!-- ChangeTheLnguage -->
        <test-method is-config="true" signature="aftertest()[pri:0, instance:almosaferWeb.myTestCases@38be305c]" started-at="2023-12-12T15:02:34 EET" name="aftertest" finished-at="2023-12-12T15:02:34 EET" duration-ms="0" status="PASS">
          <reporter-output>
          </reporter-output>
        </test-method> <!-- aftertest -->
      </class> <!-- almosaferWeb.myTestCases -->
    </test> <!-- Default test -->
  </suite> <!-- Default suite -->
</testng-results>
